<?xml version="1.0" encoding="UTF-8"?>
<testng-results total="1" passed="1" failed="0" skipped="0">
  <reporter-output>
  </reporter-output>
  <suite started-at="2020-06-25T05:23:16Z" name="Suite" finished-at="2020-06-25T05:23:28Z" duration-ms="11710">
    <groups>
    </groups>
    <test started-at="2020-06-25T05:23:16Z" name="Test" finished-at="2020-06-25T05:23:28Z" duration-ms="11710">
      <class name="ua.Rozetka.FirstTest">
        <test-method is-config="true" signature="setUp()[pri:0, instance:ua.Rozetka.FirstTest@305b7c14]" started-at="2020-06-25T08:23:16Z" name="setUp" finished-at="2020-06-25T08:23:20Z" duration-ms="4160" status="PASS">
          <reporter-output>
          </reporter-output>
        </test-method> <!-- setUp -->
        <test-method is-config="true" signature="setupClass()[pri:0, instance:ua.Rozetka.FirstTest@305b7c14]" started-at="2020-06-25T08:23:20Z" name="setupClass" finished-at="2020-06-25T08:23:22Z" duration-ms="1444" status="PASS">
          <reporter-output>
          </reporter-output>
        </test-method> <!-- setupClass -->
        <test-method is-config="true" signature="createTable()[pri:0, instance:ua.Rozetka.FirstTest@305b7c14]" started-at="2020-06-25T08:23:22Z" name="createTable" finished-at="2020-06-25T08:23:22Z" duration-ms="823" status="PASS">
          <reporter-output>
          </reporter-output>
        </test-method> <!-- createTable -->
        <test-method signature="MainPage()[pri:0, instance:ua.Rozetka.FirstTest@305b7c14]" started-at="2020-06-25T08:23:22Z" name="MainPage" finished-at="2020-06-25T08:23:27Z" duration-ms="4042" status="PASS">
          <reporter-output>
          </reporter-output>
        </test-method> <!-- MainPage -->
        <test-method is-config="true" signature="checkTable()[pri:0, instance:ua.Rozetka.FirstTest@305b7c14]" started-at="2020-06-25T08:23:27Z" name="checkTable" finished-at="2020-06-25T08:23:28Z" duration-ms="34" status="PASS">
          <reporter-output>
          </reporter-output>
        </test-method> <!-- checkTable -->
        <test-method is-config="true" signature="tearDown()[pri:0, instance:ua.Rozetka.FirstTest@305b7c14]" started-at="2020-06-25T08:23:28Z" name="tearDown" finished-at="2020-06-25T08:23:30Z" duration-ms="2724" status="PASS">
          <reporter-output>
          </reporter-output>
        </test-method> <!-- tearDown -->
      </class> <!-- ua.Rozetka.FirstTest -->
    </test> <!-- Test -->
  </suite> <!-- Suite -->
</testng-results>
